2017-10-25 08:40:55 +0000 [MT] Initial pipeline context: <IDEDistributionProcessingPipelineContext: 0x7f95f7f5ff70; archive(resolved)='<IDEArchive: 0x7f95f7b82590>', distributionTask(resolved)='2', distributionMethod(resolved)='<IDEDistributionMethodAdHoc: 0x7f95f2d002e0>', team(resolved)='<IDEProvisioningBasicTeam 0x7f95f7883e70: teamID: 2WA89PX7ZL, teamName: (null)>'>
	Chain (11, self inclusive):
	<IDEDistributionProcessingPipelineContext: 0x7f95f7f5ff70; archive = '<IDEArchive: 0x7f95f7b82590>', distributionMethod='<IDEDistributionMethodAdHoc: 0x7f95f2d002e0>', team='<IDEProvisioningBasicTeam 0x7f95f7883e70: teamID: 2WA89PX7ZL, teamName: (null)>'>
	<IDEDistributionProcessingPipelineContext: 0x7f95f7f79c20; archive = '<IDEArchive: 0x7f95f7b82590>', distributionMethod='<IDEDistributionMethodAdHoc: 0x7f95f2d002e0>', team='<IDEProvisioningBasicTeam 0x7f95f7883e70: teamID: 2WA89PX7ZL, teamName: (null)>'>
	<IDEDistributionContext: 0x7f95f7f77ef0; archive = '<IDEArchive: 0x7f95f7b82590>', distributionMethod='<IDEDistributionMethodAdHoc: 0x7f95f2d002e0>', team='<IDEProvisioningBasicTeam 0x7f95f7883e70: teamID: 2WA89PX7ZL, teamName: (null)>'>
	<IDEDistributionContext: 0x7f95f7f5cc30; archive = '<IDEArchive: 0x7f95f7b82590>', distributionMethod='<IDEDistributionMethodAdHoc: 0x7f95f2d002e0>', team='<IDEProvisioningBasicTeam 0x7f95f7883e70: teamID: 2WA89PX7ZL, teamName: (null)>'>
	<IDEDistributionContext: 0x7f95f7f5bdd0; archive = '<IDEArchive: 0x7f95f7b82590>', distributionMethod='<IDEDistributionMethodAdHoc: 0x7f95f2d002e0>', team='<IDEProvisioningBasicTeam 0x7f95f7883e70: teamID: 2WA89PX7ZL, teamName: (null)>'>
	<IDEDistributionContext: 0x7f95f7f5c1b0; archive = '<IDEArchive: 0x7f95f7b82590>', distributionMethod='<IDEDistributionMethodAdHoc: 0x7f95f2d002e0>', team='<IDEProvisioningBasicTeam 0x7f95f7883e70: teamID: 2WA89PX7ZL, teamName: (null)>'>
	<IDEDistributionContext: 0x7f95f7f585c0; archive = '<IDEArchive: 0x7f95f7b82590>', distributionMethod='<IDEDistributionMethodAdHoc: 0x7f95f2d002e0>', team='<IDEProvisioningBasicTeam 0x7f95f7883e70: teamID: 2WA89PX7ZL, teamName: (null)>'>
	<IDEDistributionContext: 0x7f95f7f5b050; archive = '<IDEArchive: 0x7f95f7b82590>', distributionMethod='<IDEDistributionMethodAdHoc: 0x7f95f2d002e0>', team='<IDEProvisioningBasicTeam 0x7f95f7883e70: teamID: 2WA89PX7ZL, teamName: (null)>'>
	<IDEDistributionContext: 0x7f95f7883770; archive = '<IDEArchive: 0x7f95f7b82590>', distributionMethod='<IDEDistributionMethodAdHoc: 0x7f95f2d002e0>', team='<IDEProvisioningBasicTeam 0x7f95f7883e70: teamID: 2WA89PX7ZL, teamName: (null)>'>
	<IDEDistributionContext: 0x7f95f50b6920; archive = '<IDEArchive: 0x7f95f7b82590>', distributionMethod='<IDEDistributionMethodAdHoc: 0x7f95f2d002e0>', team='(null)'>
	<IDEDistributionContext: 0x7f95f7b82c70; archive = '<IDEArchive: 0x7f95f7b82590>', distributionMethod='(null)', team='(null)'>
</IDEDistributionProcessingPipelineContext: 0x7f95f7f5ff70>
2017-10-25 08:40:55 +0000 [MT] Processing step: IDEDistributionCreateDestRootStep
2017-10-25 08:40:55 +0000 [MT] Processing step: IDEDistributionCopyItemStep
2017-10-25 08:40:55 +0000 [MT] Running /usr/bin/ditto '-V' '/Users/amitkishnani/Public/iOSAdvanced/HalfTunes/build/HalfTunes.xcarchive/Products/Applications/HalfTunes.app' '/var/folders/s1/23bytmqj0jb73h_7s4l50gbw0000gn/T/XcodeDistPipeline.lEs/Root/Payload/HalfTunes.app'
2017-10-25 08:40:55 +0000  >>> Copying /Users/amitkishnani/Public/iOSAdvanced/HalfTunes/build/HalfTunes.xcarchive/Products/Applications/HalfTunes.app 
2017-10-25 08:40:55 +0000  copying file ./_CodeSignature/CodeResources ... 
2017-10-25 08:40:55 +0000  9499 bytes for ./_CodeSignature/CodeResources
2017-10-25 08:40:55 +0000  copying file ./Base.lproj/LaunchScreen.nib ... 
2017-10-25 08:40:55 +0000  3158 bytes for ./Base.lproj/LaunchScreen.nib
2017-10-25 08:40:55 +0000  copying file ./Base.lproj/Main.storyboardc/UIViewController-dGf-6A-1OJ.nib ... 
2017-10-25 08:40:55 +0000  1057 bytes for ./Base.lproj/Main.storyboardc/UIViewController-dGf-6A-1OJ.nib
2017-10-25 08:40:55 +0000  copying file ./Base.lproj/Main.storyboardc/dGf-6A-1OJ-view-p0Q-UD-vKI.nib ... 
2017-10-25 08:40:55 +0000  9777 bytes for ./Base.lproj/Main.storyboardc/dGf-6A-1OJ-view-p0Q-UD-vKI.nib
copying file ./Base.lproj/Main.storyboardc/Info.plist ... 
2017-10-25 08:40:55 +0000  258 bytes for ./Base.lproj/Main.storyboardc/Info.plist
2017-10-25 08:40:55 +0000  copying file ./archived-expanded-entitlements.xcent ... 
2017-10-25 08:40:55 +0000  382 bytes for ./archived-expanded-entitlements.xcent
copying file ./HalfTunes ... 
2017-10-25 08:40:55 +0000  1054944 bytes for ./HalfTunes
2017-10-25 08:40:55 +0000  copying file ./Frameworks/libswiftCoreImage.dylib ... 
2017-10-25 08:40:55 +0000  258272 bytes for ./Frameworks/libswiftCoreImage.dylib
copying file ./Frameworks/libswiftObjectiveC.dylib ... 
2017-10-25 08:40:55 +0000  505792 bytes for ./Frameworks/libswiftObjectiveC.dylib
copying file ./Frameworks/libswiftCore.dylib ... 
2017-10-25 08:40:55 +0000  68656944 bytes for ./Frameworks/libswiftCore.dylib
copying file ./Frameworks/libswiftCoreGraphics.dylib ... 
2017-10-25 08:40:55 +0000  1268848 bytes for ./Frameworks/libswiftCoreGraphics.dylib
copying file ./Frameworks/libswiftUIKit.dylib ... 
2017-10-25 08:40:55 +0000  789184 bytes for ./Frameworks/libswiftUIKit.dylib
copying file ./Frameworks/libswiftMetal.dylib ... 
399376 bytes for ./Frameworks/libswiftMetal.dylib
copying file ./Frameworks/libswiftDispatch.dylib ... 
2440736 bytes for ./Frameworks/libswiftDispatch.dylib
copying file ./Frameworks/libswiftos.dylib ... 
446400 bytes for ./Frameworks/libswiftos.dylib
copying file ./Frameworks/libswiftCoreFoundation.dylib ... 
257696 bytes for ./Frameworks/libswiftCoreFoundation.dylib
copying file ./Frameworks/libswiftDarwin.dylib ... 
599280 bytes for ./Frameworks/libswiftDarwin.dylib
copying file ./Frameworks/libswiftQuartzCore.dylib ... 
310976 bytes for ./Frameworks/libswiftQuartzCore.dylib
copying file ./Frameworks/libswiftCoreAudio.dylib ... 
650064 bytes for ./Frameworks/libswiftCoreAudio.dylib
copying file ./Frameworks/libswiftAVFoundation.dylib ... 
1212064 bytes for ./Frameworks/libswiftAVFoundation.dylib
copying file ./Frameworks/libswiftFoundation.dylib ... 
2017-10-25 08:40:55 +0000  28714224 bytes for ./Frameworks/libswiftFoundation.dylib
copying file ./Frameworks/libswiftCoreMedia.dylib ... 
2017-10-25 08:40:55 +0000  434544 bytes for ./Frameworks/libswiftCoreMedia.dylib
copying file ./Frameworks/libswiftsimd.dylib ... 
2017-10-25 08:40:55 +0000  3697392 bytes for ./Frameworks/libswiftsimd.dylib
copying file ./embedded.mobileprovision ... 
7602 bytes for ./embedded.mobileprovision
copying file ./Info.plist ... 
2017-10-25 08:40:55 +0000  2017-10-25 08:40:55 +0000 [MT] /usr/bin/ditto exited with 0
2017-10-25 08:40:55 +0000  1265 bytes for ./Info.plist
copying file ./PkgInfo ... 
8 bytes for ./PkgInfo

2017-10-25 08:40:55 +0000  
2017-10-25 08:40:55 +0000 [MT] Processing step: IDEDistributionEmbedProfileStep
2017-10-25 08:40:55 +0000 [MT] Skipping profile for item: <IDEDistributionItem: 0x7f95f7d25e40 'com.apple.dt.runtime.swiftAVFoundation' '<DVTFilePath:0x7f95f50e43b0:'/Users/amitkishnani/Public/iOSAdvanced/HalfTunes/build/HalfTunes.xcarchive/Products/Applications/HalfTunes.app/Frameworks/libswiftAVFoundation.dylib'>'>
2017-10-25 08:40:55 +0000 [MT] Skipping profile for item: <IDEDistributionItem: 0x7f95f7f3eee0 'com.apple.dt.runtime.swiftCore' '<DVTFilePath:0x7f95f510f480:'/Users/amitkishnani/Public/iOSAdvanced/HalfTunes/build/HalfTunes.xcarchive/Products/Applications/HalfTunes.app/Frameworks/libswiftCore.dylib'>'>
2017-10-25 08:40:55 +0000 [MT] Skipping profile for item: <IDEDistributionItem: 0x7f95f7d1da20 'com.apple.dt.runtime.swiftCoreAudio' '<DVTFilePath:0x7f95f50e6900:'/Users/amitkishnani/Public/iOSAdvanced/HalfTunes/build/HalfTunes.xcarchive/Products/Applications/HalfTunes.app/Frameworks/libswiftCoreAudio.dylib'>'>
2017-10-25 08:40:55 +0000 [MT] Skipping profile for item: <IDEDistributionItem: 0x7f95f7f4b400 'com.apple.dt.runtime.swiftCoreFoundation' '<DVTFilePath:0x7f95f5116290:'/Users/amitkishnani/Public/iOSAdvanced/HalfTunes/build/HalfTunes.xcarchive/Products/Applications/HalfTunes.app/Frameworks/libswiftCoreFoundation.dylib'>'>
2017-10-25 08:40:55 +0000 [MT] Skipping profile for item: <IDEDistributionItem: 0x7f95f7d13b70 'com.apple.dt.runtime.swiftCoreGraphics' '<DVTFilePath:0x7f95f5110ce0:'/Users/amitkishnani/Public/iOSAdvanced/HalfTunes/build/HalfTunes.xcarchive/Products/Applications/HalfTunes.app/Frameworks/libswiftCoreGraphics.dylib'>'>
2017-10-25 08:40:55 +0000 [MT] Skipping profile for item: <IDEDistributionItem: 0x7f95f7d0d3c0 'com.apple.dt.runtime.swiftCoreImage' '<DVTFilePath:0x7f95f5105eb0:'/Users/amitkishnani/Public/iOSAdvanced/HalfTunes/build/HalfTunes.xcarchive/Products/Applications/HalfTunes.app/Frameworks/libswiftCoreImage.dylib'>'>
2017-10-25 08:40:55 +0000 [MT] Skipping profile for item: <IDEDistributionItem: 0x7f95f7f2f3a0 'com.apple.dt.runtime.swiftCoreMedia' '<DVTFilePath:0x7f95f50ca2f0:'/Users/amitkishnani/Public/iOSAdvanced/HalfTunes/build/HalfTunes.xcarchive/Products/Applications/HalfTunes.app/Frameworks/libswiftCoreMedia.dylib'>'>
2017-10-25 08:40:55 +0000 [MT] Skipping profile for item: <IDEDistributionItem: 0x7f95f7f35bd0 'com.apple.dt.runtime.swiftDarwin' '<DVTFilePath:0x7f95f50e2700:'/Users/amitkishnani/Public/iOSAdvanced/HalfTunes/build/HalfTunes.xcarchive/Products/Applications/HalfTunes.app/Frameworks/libswiftDarwin.dylib'>'>
2017-10-25 08:40:55 +0000 [MT] Skipping profile for item: <IDEDistributionItem: 0x7f95f7a43130 'com.apple.dt.runtime.swiftDispatch' '<DVTFilePath:0x7f95f5110c70:'/Users/amitkishnani/Public/iOSAdvanced/HalfTunes/build/HalfTunes.xcarchive/Products/Applications/HalfTunes.app/Frameworks/libswiftDispatch.dylib'>'>
2017-10-25 08:40:55 +0000 [MT] Skipping profile for item: <IDEDistributionItem: 0x7f95f7bbbe50 'com.apple.dt.runtime.swiftFoundation' '<DVTFilePath:0x7f95f50c6d00:'/Users/amitkishnani/Public/iOSAdvanced/HalfTunes/build/HalfTunes.xcarchive/Products/Applications/HalfTunes.app/Frameworks/libswiftFoundation.dylib'>'>
2017-10-25 08:40:55 +0000 [MT] Skipping profile for item: <IDEDistributionItem: 0x7f95f7f3a3c0 'com.apple.dt.runtime.swiftMetal' '<DVTFilePath:0x7f95f5113010:'/Users/amitkishnani/Public/iOSAdvanced/HalfTunes/build/HalfTunes.xcarchive/Products/Applications/HalfTunes.app/Frameworks/libswiftMetal.dylib'>'>
2017-10-25 08:40:55 +0000 [MT] Skipping profile for item: <IDEDistributionItem: 0x7f95f7d05810 'com.apple.dt.runtime.swiftObjectiveC' '<DVTFilePath:0x7f95f510e9f0:'/Users/amitkishnani/Public/iOSAdvanced/HalfTunes/build/HalfTunes.xcarchive/Products/Applications/HalfTunes.app/Frameworks/libswiftObjectiveC.dylib'>'>
2017-10-25 08:40:55 +0000 [MT] Skipping profile for item: <IDEDistributionItem: 0x7f95f7f27660 'com.apple.dt.runtime.swiftQuartzCore' '<DVTFilePath:0x7f95f50c3c70:'/Users/amitkishnani/Public/iOSAdvanced/HalfTunes/build/HalfTunes.xcarchive/Products/Applications/HalfTunes.app/Frameworks/libswiftQuartzCore.dylib'>'>
2017-10-25 08:40:55 +0000 [MT] Skipping profile for item: <IDEDistributionItem: 0x7f95f7a4aba0 'com.apple.dt.runtime.swiftUIKit' '<DVTFilePath:0x7f95f5112560:'/Users/amitkishnani/Public/iOSAdvanced/HalfTunes/build/HalfTunes.xcarchive/Products/Applications/HalfTunes.app/Frameworks/libswiftUIKit.dylib'>'>
2017-10-25 08:40:55 +0000 [MT] Skipping profile for item: <IDEDistributionItem: 0x7f95f7f3f270 'com.apple.dt.runtime.swiftos' '<DVTFilePath:0x7f95f5115980:'/Users/amitkishnani/Public/iOSAdvanced/HalfTunes/build/HalfTunes.xcarchive/Products/Applications/HalfTunes.app/Frameworks/libswiftos.dylib'>'>
2017-10-25 08:40:55 +0000 [MT] Skipping profile for item: <IDEDistributionItem: 0x7f95f7d074d0 'com.apple.dt.runtime.swiftsimd' '<DVTFilePath:0x7f95f50bac90:'/Users/amitkishnani/Public/iOSAdvanced/HalfTunes/build/HalfTunes.xcarchive/Products/Applications/HalfTunes.app/Frameworks/libswiftsimd.dylib'>'>
2017-10-25 08:40:55 +0000 [MT] Processing step: IDEDistributionAppThinningPlistStep
2017-10-25 08:40:55 +0000 [MT] Skipping step: IDEDistributionAppThinningPlistStep because it said so
2017-10-25 08:40:55 +0000 [MT] Processing step: IDEDistributionCompileBitcodeStep
2017-10-25 08:40:55 +0000 [MT] Skipping step: IDEDistributionCompileBitcodeStep because it said so
2017-10-25 08:40:55 +0000 [MT] Processing step: IDEDistributionCodeSlimmingStep
2017-10-25 08:40:55 +0000 [MT] Processing step: IDEDistributionCopyBCSymbolMapsStep
2017-10-25 08:40:55 +0000 [MT] Skipping step: IDEDistributionCopyBCSymbolMapsStep because it said so
2017-10-25 08:40:55 +0000 [MT] Skipping step: IDEDistributionCopyBCSymbolMapsStep because it said so
2017-10-25 08:40:55 +0000 [MT] Skipping step: IDEDistributionCopyBCSymbolMapsStep because it said so
2017-10-25 08:40:55 +0000 [MT] Skipping step: IDEDistributionCopyBCSymbolMapsStep because it said so
2017-10-25 08:40:55 +0000 [MT] Skipping step: IDEDistributionCopyBCSymbolMapsStep because it said so
2017-10-25 08:40:55 +0000 [MT] Skipping step: IDEDistributionCopyBCSymbolMapsStep because it said so
2017-10-25 08:40:55 +0000 [MT] Skipping step: IDEDistributionCopyBCSymbolMapsStep because it said so
2017-10-25 08:40:55 +0000 [MT] Skipping step: IDEDistributionCopyBCSymbolMapsStep because it said so
2017-10-25 08:40:55 +0000 [MT] Skipping step: IDEDistributionCopyBCSymbolMapsStep because it said so
2017-10-25 08:40:55 +0000 [MT] Skipping step: IDEDistributionCopyBCSymbolMapsStep because it said so
2017-10-25 08:40:55 +0000 [MT] Skipping step: IDEDistributionCopyBCSymbolMapsStep because it said so
2017-10-25 08:40:55 +0000 [MT] Skipping step: IDEDistributionCopyBCSymbolMapsStep because it said so
2017-10-25 08:40:55 +0000 [MT] Skipping step: IDEDistributionCopyBCSymbolMapsStep because it said so
2017-10-25 08:40:55 +0000 [MT] Skipping step: IDEDistributionCopyBCSymbolMapsStep because it said so
2017-10-25 08:40:55 +0000 [MT] Skipping step: IDEDistributionCopyBCSymbolMapsStep because it said so
2017-10-25 08:40:55 +0000 [MT] Skipping step: IDEDistributionCopyBCSymbolMapsStep because it said so
2017-10-25 08:40:55 +0000 [MT] Skipping step: IDEDistributionCopyBCSymbolMapsStep because it said so
2017-10-25 08:40:55 +0000 [MT] Processing step: IDEDistributionSymbolsStep
2017-10-25 08:40:55 +0000 [MT] Skipping step: IDEDistributionSymbolsStep because it said so
2017-10-25 08:40:55 +0000 [MT] Skipping step: IDEDistributionSymbolsStep because it said so
2017-10-25 08:40:55 +0000 [MT] Skipping step: IDEDistributionSymbolsStep because it said so
2017-10-25 08:40:55 +0000 [MT] Skipping step: IDEDistributionSymbolsStep because it said so
2017-10-25 08:40:55 +0000 [MT] Skipping step: IDEDistributionSymbolsStep because it said so
2017-10-25 08:40:55 +0000 [MT] Skipping step: IDEDistributionSymbolsStep because it said so
2017-10-25 08:40:55 +0000 [MT] Skipping step: IDEDistributionSymbolsStep because it said so
2017-10-25 08:40:55 +0000 [MT] Skipping step: IDEDistributionSymbolsStep because it said so
2017-10-25 08:40:55 +0000 [MT] Skipping step: IDEDistributionSymbolsStep because it said so
2017-10-25 08:40:55 +0000 [MT] Skipping step: IDEDistributionSymbolsStep because it said so
2017-10-25 08:40:55 +0000 [MT] Skipping step: IDEDistributionSymbolsStep because it said so
2017-10-25 08:40:55 +0000 [MT] Skipping step: IDEDistributionSymbolsStep because it said so
2017-10-25 08:40:55 +0000 [MT] Skipping step: IDEDistributionSymbolsStep because it said so
2017-10-25 08:40:55 +0000 [MT] Skipping step: IDEDistributionSymbolsStep because it said so
2017-10-25 08:40:55 +0000 [MT] Skipping step: IDEDistributionSymbolsStep because it said so
2017-10-25 08:40:55 +0000 [MT] Skipping step: IDEDistributionSymbolsStep because it said so
2017-10-25 08:40:55 +0000 [MT] Skipping step: IDEDistributionSymbolsStep because it said so
2017-10-25 08:40:55 +0000 [MT] Processing step: IDEDistributionAppThinningStep
2017-10-25 08:40:55 +0000 [MT] Skipping step: IDEDistributionAppThinningStep because it said so
2017-10-25 08:40:55 +0000 [MT] Processing step: IDEDistributionODRStep
2017-10-25 08:40:55 +0000 [MT] Processing step: IDEDistributionStripXattrsStep
2017-10-25 08:40:55 +0000 [MT] Skipping stripping extended attributes of item: <IDEDistributionItem: 0x7f95f7d25e40 'com.apple.dt.runtime.swiftAVFoundation' '<DVTFilePath:0x7f95f50e43b0:'/Users/amitkishnani/Public/iOSAdvanced/HalfTunes/build/HalfTunes.xcarchive/Products/Applications/HalfTunes.app/Frameworks/libswiftAVFoundation.dylib'>'>
2017-10-25 08:40:55 +0000 [MT] Skipping stripping extended attributes of item: <IDEDistributionItem: 0x7f95f7f3eee0 'com.apple.dt.runtime.swiftCore' '<DVTFilePath:0x7f95f510f480:'/Users/amitkishnani/Public/iOSAdvanced/HalfTunes/build/HalfTunes.xcarchive/Products/Applications/HalfTunes.app/Frameworks/libswiftCore.dylib'>'>
2017-10-25 08:40:55 +0000 [MT] Skipping stripping extended attributes of item: <IDEDistributionItem: 0x7f95f7d1da20 'com.apple.dt.runtime.swiftCoreAudio' '<DVTFilePath:0x7f95f50e6900:'/Users/amitkishnani/Public/iOSAdvanced/HalfTunes/build/HalfTunes.xcarchive/Products/Applications/HalfTunes.app/Frameworks/libswiftCoreAudio.dylib'>'>
2017-10-25 08:40:55 +0000 [MT] Skipping stripping extended attributes of item: <IDEDistributionItem: 0x7f95f7f4b400 'com.apple.dt.runtime.swiftCoreFoundation' '<DVTFilePath:0x7f95f5116290:'/Users/amitkishnani/Public/iOSAdvanced/HalfTunes/build/HalfTunes.xcarchive/Products/Applications/HalfTunes.app/Frameworks/libswiftCoreFoundation.dylib'>'>
2017-10-25 08:40:55 +0000 [MT] Skipping stripping extended attributes of item: <IDEDistributionItem: 0x7f95f7d13b70 'com.apple.dt.runtime.swiftCoreGraphics' '<DVTFilePath:0x7f95f5110ce0:'/Users/amitkishnani/Public/iOSAdvanced/HalfTunes/build/HalfTunes.xcarchive/Products/Applications/HalfTunes.app/Frameworks/libswiftCoreGraphics.dylib'>'>
2017-10-25 08:40:55 +0000 [MT] Skipping stripping extended attributes of item: <IDEDistributionItem: 0x7f95f7d0d3c0 'com.apple.dt.runtime.swiftCoreImage' '<DVTFilePath:0x7f95f5105eb0:'/Users/amitkishnani/Public/iOSAdvanced/HalfTunes/build/HalfTunes.xcarchive/Products/Applications/HalfTunes.app/Frameworks/libswiftCoreImage.dylib'>'>
2017-10-25 08:40:55 +0000 [MT] Skipping stripping extended attributes of item: <IDEDistributionItem: 0x7f95f7f2f3a0 'com.apple.dt.runtime.swiftCoreMedia' '<DVTFilePath:0x7f95f50ca2f0:'/Users/amitkishnani/Public/iOSAdvanced/HalfTunes/build/HalfTunes.xcarchive/Products/Applications/HalfTunes.app/Frameworks/libswiftCoreMedia.dylib'>'>
2017-10-25 08:40:55 +0000 [MT] Skipping stripping extended attributes of item: <IDEDistributionItem: 0x7f95f7f35bd0 'com.apple.dt.runtime.swiftDarwin' '<DVTFilePath:0x7f95f50e2700:'/Users/amitkishnani/Public/iOSAdvanced/HalfTunes/build/HalfTunes.xcarchive/Products/Applications/HalfTunes.app/Frameworks/libswiftDarwin.dylib'>'>
2017-10-25 08:40:55 +0000 [MT] Skipping stripping extended attributes of item: <IDEDistributionItem: 0x7f95f7a43130 'com.apple.dt.runtime.swiftDispatch' '<DVTFilePath:0x7f95f5110c70:'/Users/amitkishnani/Public/iOSAdvanced/HalfTunes/build/HalfTunes.xcarchive/Products/Applications/HalfTunes.app/Frameworks/libswiftDispatch.dylib'>'>
2017-10-25 08:40:55 +0000 [MT] Skipping stripping extended attributes of item: <IDEDistributionItem: 0x7f95f7bbbe50 'com.apple.dt.runtime.swiftFoundation' '<DVTFilePath:0x7f95f50c6d00:'/Users/amitkishnani/Public/iOSAdvanced/HalfTunes/build/HalfTunes.xcarchive/Products/Applications/HalfTunes.app/Frameworks/libswiftFoundation.dylib'>'>
2017-10-25 08:40:55 +0000 [MT] Skipping stripping extended attributes of item: <IDEDistributionItem: 0x7f95f7f3a3c0 'com.apple.dt.runtime.swiftMetal' '<DVTFilePath:0x7f95f5113010:'/Users/amitkishnani/Public/iOSAdvanced/HalfTunes/build/HalfTunes.xcarchive/Products/Applications/HalfTunes.app/Frameworks/libswiftMetal.dylib'>'>
2017-10-25 08:40:55 +0000 [MT] Skipping stripping extended attributes of item: <IDEDistributionItem: 0x7f95f7d05810 'com.apple.dt.runtime.swiftObjectiveC' '<DVTFilePath:0x7f95f510e9f0:'/Users/amitkishnani/Public/iOSAdvanced/HalfTunes/build/HalfTunes.xcarchive/Products/Applications/HalfTunes.app/Frameworks/libswiftObjectiveC.dylib'>'>
2017-10-25 08:40:55 +0000 [MT] Skipping stripping extended attributes of item: <IDEDistributionItem: 0x7f95f7f27660 'com.apple.dt.runtime.swiftQuartzCore' '<DVTFilePath:0x7f95f50c3c70:'/Users/amitkishnani/Public/iOSAdvanced/HalfTunes/build/HalfTunes.xcarchive/Products/Applications/HalfTunes.app/Frameworks/libswiftQuartzCore.dylib'>'>
2017-10-25 08:40:55 +0000 [MT] Skipping stripping extended attributes of item: <IDEDistributionItem: 0x7f95f7a4aba0 'com.apple.dt.runtime.swiftUIKit' '<DVTFilePath:0x7f95f5112560:'/Users/amitkishnani/Public/iOSAdvanced/HalfTunes/build/HalfTunes.xcarchive/Products/Applications/HalfTunes.app/Frameworks/libswiftUIKit.dylib'>'>
2017-10-25 08:40:55 +0000 [MT] Skipping stripping extended attributes of item: <IDEDistributionItem: 0x7f95f7f3f270 'com.apple.dt.runtime.swiftos' '<DVTFilePath:0x7f95f5115980:'/Users/amitkishnani/Public/iOSAdvanced/HalfTunes/build/HalfTunes.xcarchive/Products/Applications/HalfTunes.app/Frameworks/libswiftos.dylib'>'>
2017-10-25 08:40:55 +0000 [MT] Skipping stripping extended attributes of item: <IDEDistributionItem: 0x7f95f7d074d0 'com.apple.dt.runtime.swiftsimd' '<DVTFilePath:0x7f95f50bac90:'/Users/amitkishnani/Public/iOSAdvanced/HalfTunes/build/HalfTunes.xcarchive/Products/Applications/HalfTunes.app/Frameworks/libswiftsimd.dylib'>'>
2017-10-25 08:40:55 +0000 [MT] Running /usr/bin/xattr '-cr' '/var/folders/s1/23bytmqj0jb73h_7s4l50gbw0000gn/T/XcodeDistPipeline.lEs/Root/Payload/HalfTunes.app'
2017-10-25 08:40:55 +0000  
2017-10-25 08:40:55 +0000  
2017-10-25 08:40:55 +0000 [MT] /usr/bin/xattr exited with 0
2017-10-25 08:40:55 +0000  
2017-10-25 08:40:55 +0000  
2017-10-25 08:40:55 +0000 [MT] Processing step: IDEDistributionCodesignStep
2017-10-25 08:40:55 +0000 [MT] Applying entitlements delta for <IDEDistributionItem: 0x7f95f7d25e40 'com.apple.dt.runtime.swiftAVFoundation' '<DVTFilePath:0x7f95f50e43b0:'/Users/amitkishnani/Public/iOSAdvanced/HalfTunes/build/HalfTunes.xcarchive/Products/Applications/HalfTunes.app/Frameworks/libswiftAVFoundation.dylib'>'> from <IDEiCloudEntitlementsProcessor: 0x7f95f78e7f90>: {
}
2017-10-25 08:40:55 +0000 [MT] Entitlements for <IDEDistributionItem: 0x7f95f7d25e40 'com.apple.dt.runtime.swiftAVFoundation' '<DVTFilePath:0x7f95f50e43b0:'/Users/amitkishnani/Public/iOSAdvanced/HalfTunes/build/HalfTunes.xcarchive/Products/Applications/HalfTunes.app/Frameworks/libswiftAVFoundation.dylib'>'>: {
}
2017-10-25 08:40:55 +0000 [MT] Writing entitlements for <IDEDistributionItem: 0x7f95f7d25e40 'com.apple.dt.runtime.swiftAVFoundation' '<DVTFilePath:0x7f95f50e43b0:'/Users/amitkishnani/Public/iOSAdvanced/HalfTunes/build/HalfTunes.xcarchive/Products/Applications/HalfTunes.app/Frameworks/libswiftAVFoundation.dylib'>'> to: /var/folders/s1/23bytmqj0jb73h_7s4l50gbw0000gn/T/XcodeDistPipeline.lEs/entitlementsIN6Ilm
2017-10-25 08:40:55 +0000 [MT] Running /usr/bin/codesign '-vvv' '--force' '--sign' '88B0ED035AA8A193E6825ED1BE5067217E279ED8' '--preserve-metadata=identifier,flags' '--entitlements' '/var/folders/s1/23bytmqj0jb73h_7s4l50gbw0000gn/T/XcodeDistPipeline.lEs/entitlementsIN6Ilm' '/var/folders/s1/23bytmqj0jb73h_7s4l50gbw0000gn/T/XcodeDistPipeline.lEs/Root/Payload/HalfTunes.app/Frameworks/libswiftAVFoundation.dylib'
2017-10-25 08:40:55 +0000  /var/folders/s1/23bytmqj0jb73h_7s4l50gbw0000gn/T/XcodeDistPipeline.lEs/Root/Payload/HalfTunes.app/Frameworks/libswiftAVFoundation.dylib: signed Mach-O universal (armv7 armv7s arm64) [com.apple.dt.runtime.swiftAVFoundation]
2017-10-25 08:40:55 +0000  
2017-10-25 08:40:55 +0000  
2017-10-25 08:40:55 +0000  
2017-10-25 08:40:55 +0000  
2017-10-25 08:40:55 +0000  
2017-10-25 08:40:55 +0000  
2017-10-25 08:40:55 +0000  
2017-10-25 08:40:55 +0000  
2017-10-25 08:40:55 +0000  
2017-10-25 08:40:55 +0000  
2017-10-25 08:40:55 +0000  
2017-10-25 08:40:55 +0000  
2017-10-25 08:40:55 +0000  
2017-10-25 08:40:55 +0000  
2017-10-25 08:40:55 +0000  
2017-10-25 08:40:55 +0000  2017-10-25 08:40:55 +0000 [MT] /usr/bin/codesign exited with 02017-10-25 08:40:55 +0000  


2017-10-25 08:40:55 +0000  
2017-10-25 08:40:55 +0000  
2017-10-25 08:40:55 +0000  
2017-10-25 08:40:55 +0000 [MT] Applying entitlements delta for <IDEDistributionItem: 0x7f95f7f3eee0 'com.apple.dt.runtime.swiftCore' '<DVTFilePath:0x7f95f510f480:'/Users/amitkishnani/Public/iOSAdvanced/HalfTunes/build/HalfTunes.xcarchive/Products/Applications/HalfTunes.app/Frameworks/libswiftCore.dylib'>'> from <IDEiCloudEntitlementsProcessor: 0x7f95f7f349c0>: {
}
2017-10-25 08:40:55 +0000 [MT] Entitlements for <IDEDistributionItem: 0x7f95f7f3eee0 'com.apple.dt.runtime.swiftCore' '<DVTFilePath:0x7f95f510f480:'/Users/amitkishnani/Public/iOSAdvanced/HalfTunes/build/HalfTunes.xcarchive/Products/Applications/HalfTunes.app/Frameworks/libswiftCore.dylib'>'>: {
}
2017-10-25 08:40:55 +0000 [MT] Writing entitlements for <IDEDistributionItem: 0x7f95f7f3eee0 'com.apple.dt.runtime.swiftCore' '<DVTFilePath:0x7f95f510f480:'/Users/amitkishnani/Public/iOSAdvanced/HalfTunes/build/HalfTunes.xcarchive/Products/Applications/HalfTunes.app/Frameworks/libswiftCore.dylib'>'> to: /var/folders/s1/23bytmqj0jb73h_7s4l50gbw0000gn/T/XcodeDistPipeline.lEs/entitlementsCxbrCp
2017-10-25 08:40:55 +0000 [MT] Running /usr/bin/codesign '-vvv' '--force' '--sign' '88B0ED035AA8A193E6825ED1BE5067217E279ED8' '--preserve-metadata=identifier,flags' '--entitlements' '/var/folders/s1/23bytmqj0jb73h_7s4l50gbw0000gn/T/XcodeDistPipeline.lEs/entitlementsCxbrCp' '/var/folders/s1/23bytmqj0jb73h_7s4l50gbw0000gn/T/XcodeDistPipeline.lEs/Root/Payload/HalfTunes.app/Frameworks/libswiftCore.dylib'
2017-10-25 08:40:56 +0000  /var/folders/s1/23bytmqj0jb73h_7s4l50gbw0000gn/T/XcodeDistPipeline.lEs/Root/Payload/HalfTunes.app/Frameworks/libswiftCore.dylib: signed Mach-O universal (armv7 armv7s arm64) [com.apple.dt.runtime.swiftCore]
2017-10-25 08:40:56 +0000  2017-10-25 08:40:56 +0000  

2017-10-25 08:40:56 +0000  
2017-10-25 08:40:56 +0000  
2017-10-25 08:40:56 +0000  
2017-10-25 08:40:56 +0000  
2017-10-25 08:40:56 +0000  
2017-10-25 08:40:56 +0000  
2017-10-25 08:40:56 +0000  
2017-10-25 08:40:56 +0000  
2017-10-25 08:40:56 +0000  
2017-10-25 08:40:56 +0000  
2017-10-25 08:40:56 +0000  
2017-10-25 08:40:56 +0000  
2017-10-25 08:40:56 +0000  
2017-10-25 08:40:56 +0000  
2017-10-25 08:40:56 +0000  
2017-10-25 08:40:56 +0000 [MT] /usr/bin/codesign exited with 0
2017-10-25 08:40:56 +0000  
2017-10-25 08:40:56 +0000 [MT] Applying entitlements delta for <IDEDistributionItem: 0x7f95f7d1da20 'com.apple.dt.runtime.swiftCoreAudio' '<DVTFilePath:0x7f95f50e6900:'/Users/amitkishnani/Public/iOSAdvanced/HalfTunes/build/HalfTunes.xcarchive/Products/Applications/HalfTunes.app/Frameworks/libswiftCoreAudio.dylib'>'> from <IDEiCloudEntitlementsProcessor: 0x7f95f7f1e8d0>: {
}
2017-10-25 08:40:56 +0000 [MT] Entitlements for <IDEDistributionItem: 0x7f95f7d1da20 'com.apple.dt.runtime.swiftCoreAudio' '<DVTFilePath:0x7f95f50e6900:'/Users/amitkishnani/Public/iOSAdvanced/HalfTunes/build/HalfTunes.xcarchive/Products/Applications/HalfTunes.app/Frameworks/libswiftCoreAudio.dylib'>'>: {
}
2017-10-25 08:40:56 +0000 [MT] Writing entitlements for <IDEDistributionItem: 0x7f95f7d1da20 'com.apple.dt.runtime.swiftCoreAudio' '<DVTFilePath:0x7f95f50e6900:'/Users/amitkishnani/Public/iOSAdvanced/HalfTunes/build/HalfTunes.xcarchive/Products/Applications/HalfTunes.app/Frameworks/libswiftCoreAudio.dylib'>'> to: /var/folders/s1/23bytmqj0jb73h_7s4l50gbw0000gn/T/XcodeDistPipeline.lEs/entitlements31chzM
2017-10-25 08:40:56 +0000 [MT] Running /usr/bin/codesign '-vvv' '--force' '--sign' '88B0ED035AA8A193E6825ED1BE5067217E279ED8' '--preserve-metadata=identifier,flags' '--entitlements' '/var/folders/s1/23bytmqj0jb73h_7s4l50gbw0000gn/T/XcodeDistPipeline.lEs/entitlements31chzM' '/var/folders/s1/23bytmqj0jb73h_7s4l50gbw0000gn/T/XcodeDistPipeline.lEs/Root/Payload/HalfTunes.app/Frameworks/libswiftCoreAudio.dylib'
2017-10-25 08:40:56 +0000  /var/folders/s1/23bytmqj0jb73h_7s4l50gbw0000gn/T/XcodeDistPipeline.lEs/Root/Payload/HalfTunes.app/Frameworks/libswiftCoreAudio.dylib: signed Mach-O universal (armv7 armv7s arm64) [com.apple.dt.runtime.swiftCoreAudio]
2017-10-25 08:40:56 +0000  
2017-10-25 08:40:56 +0000  
2017-10-25 08:40:56 +0000  
2017-10-25 08:40:56 +0000  
2017-10-25 08:40:56 +0000  2017-10-25 08:40:56 +0000  

2017-10-25 08:40:56 +0000  
2017-10-25 08:40:56 +0000  
2017-10-25 08:40:56 +0000  
2017-10-25 08:40:56 +0000  
2017-10-25 08:40:56 +0000  
2017-10-25 08:40:56 +0000  
2017-10-25 08:40:56 +0000  2017-10-25 08:40:56 +0000  

2017-10-25 08:40:56 +0000  2017-10-25 08:40:56 +0000 [MT] /usr/bin/codesign exited with 02017-10-25 08:40:56 +0000  


2017-10-25 08:40:56 +0000 [MT] Applying entitlements delta for <IDEDistributionItem: 0x7f95f7f4b400 'com.apple.dt.runtime.swiftCoreFoundation' '<DVTFilePath:0x7f95f5116290:'/Users/amitkishnani/Public/iOSAdvanced/HalfTunes/build/HalfTunes.xcarchive/Products/Applications/HalfTunes.app/Frameworks/libswiftCoreFoundation.dylib'>'> from <IDEiCloudEntitlementsProcessor: 0x7f95f7f21080>: {
}
2017-10-25 08:40:56 +0000 [MT] Entitlements for <IDEDistributionItem: 0x7f95f7f4b400 'com.apple.dt.runtime.swiftCoreFoundation' '<DVTFilePath:0x7f95f5116290:'/Users/amitkishnani/Public/iOSAdvanced/HalfTunes/build/HalfTunes.xcarchive/Products/Applications/HalfTunes.app/Frameworks/libswiftCoreFoundation.dylib'>'>: {
}
2017-10-25 08:40:56 +0000 [MT] Writing entitlements for <IDEDistributionItem: 0x7f95f7f4b400 'com.apple.dt.runtime.swiftCoreFoundation' '<DVTFilePath:0x7f95f5116290:'/Users/amitkishnani/Public/iOSAdvanced/HalfTunes/build/HalfTunes.xcarchive/Products/Applications/HalfTunes.app/Frameworks/libswiftCoreFoundation.dylib'>'> to: /var/folders/s1/23bytmqj0jb73h_7s4l50gbw0000gn/T/XcodeDistPipeline.lEs/entitlementsTWlP6y
2017-10-25 08:40:56 +0000 [MT] Running /usr/bin/codesign '-vvv' '--force' '--sign' '88B0ED035AA8A193E6825ED1BE5067217E279ED8' '--preserve-metadata=identifier,flags' '--entitlements' '/var/folders/s1/23bytmqj0jb73h_7s4l50gbw0000gn/T/XcodeDistPipeline.lEs/entitlementsTWlP6y' '/var/folders/s1/23bytmqj0jb73h_7s4l50gbw0000gn/T/XcodeDistPipeline.lEs/Root/Payload/HalfTunes.app/Frameworks/libswiftCoreFoundation.dylib'
2017-10-25 08:40:56 +0000  /var/folders/s1/23bytmqj0jb73h_7s4l50gbw0000gn/T/XcodeDistPipeline.lEs/Root/Payload/HalfTunes.app/Frameworks/libswiftCoreFoundation.dylib: signed Mach-O universal (armv7 armv7s arm64) [com.apple.dt.runtime.swiftCoreFoundation]
2017-10-25 08:40:56 +0000  2017-10-25 08:40:56 +0000  

2017-10-25 08:40:56 +0000  
2017-10-25 08:40:56 +0000  
2017-10-25 08:40:56 +0000  
2017-10-25 08:40:56 +0000  
2017-10-25 08:40:56 +0000  
2017-10-25 08:40:56 +0000  
2017-10-25 08:40:56 +0000  
2017-10-25 08:40:56 +0000  
2017-10-25 08:40:56 +0000  
2017-10-25 08:40:56 +0000  
2017-10-25 08:40:56 +0000  2017-10-25 08:40:56 +0000  

2017-10-25 08:40:56 +0000 [MT] /usr/bin/codesign exited with 0
2017-10-25 08:40:56 +0000  
2017-10-25 08:40:56 +0000  
2017-10-25 08:40:56 +0000 [MT] Applying entitlements delta for <IDEDistributionItem: 0x7f95f7d13b70 'com.apple.dt.runtime.swiftCoreGraphics' '<DVTFilePath:0x7f95f5110ce0:'/Users/amitkishnani/Public/iOSAdvanced/HalfTunes/build/HalfTunes.xcarchive/Products/Applications/HalfTunes.app/Frameworks/libswiftCoreGraphics.dylib'>'> from <IDEiCloudEntitlementsProcessor: 0x7f95f7f2c7a0>: {
}
2017-10-25 08:40:56 +0000 [MT] Entitlements for <IDEDistributionItem: 0x7f95f7d13b70 'com.apple.dt.runtime.swiftCoreGraphics' '<DVTFilePath:0x7f95f5110ce0:'/Users/amitkishnani/Public/iOSAdvanced/HalfTunes/build/HalfTunes.xcarchive/Products/Applications/HalfTunes.app/Frameworks/libswiftCoreGraphics.dylib'>'>: {
}
2017-10-25 08:40:56 +0000 [MT] Writing entitlements for <IDEDistributionItem: 0x7f95f7d13b70 'com.apple.dt.runtime.swiftCoreGraphics' '<DVTFilePath:0x7f95f5110ce0:'/Users/amitkishnani/Public/iOSAdvanced/HalfTunes/build/HalfTunes.xcarchive/Products/Applications/HalfTunes.app/Frameworks/libswiftCoreGraphics.dylib'>'> to: /var/folders/s1/23bytmqj0jb73h_7s4l50gbw0000gn/T/XcodeDistPipeline.lEs/entitlementsHXYCrW
2017-10-25 08:40:56 +0000 [MT] Running /usr/bin/codesign '-vvv' '--force' '--sign' '88B0ED035AA8A193E6825ED1BE5067217E279ED8' '--preserve-metadata=identifier,flags' '--entitlements' '/var/folders/s1/23bytmqj0jb73h_7s4l50gbw0000gn/T/XcodeDistPipeline.lEs/entitlementsHXYCrW' '/var/folders/s1/23bytmqj0jb73h_7s4l50gbw0000gn/T/XcodeDistPipeline.lEs/Root/Payload/HalfTunes.app/Frameworks/libswiftCoreGraphics.dylib'
2017-10-25 08:40:56 +0000  /var/folders/s1/23bytmqj0jb73h_7s4l50gbw0000gn/T/XcodeDistPipeline.lEs/Root/Payload/HalfTunes.app/Frameworks/libswiftCoreGraphics.dylib: signed Mach-O universal (armv7 armv7s arm64) [com.apple.dt.runtime.swiftCoreGraphics]
2017-10-25 08:40:56 +0000  
2017-10-25 08:40:56 +0000  
2017-10-25 08:40:56 +0000  
2017-10-25 08:40:56 +0000  
2017-10-25 08:40:56 +0000  
2017-10-25 08:40:56 +0000  
2017-10-25 08:40:56 +0000  
2017-10-25 08:40:56 +0000  
2017-10-25 08:40:56 +0000  
2017-10-25 08:40:56 +0000  
2017-10-25 08:40:56 +0000  
2017-10-25 08:40:56 +0000  
2017-10-25 08:40:56 +0000  
2017-10-25 08:40:56 +0000  
2017-10-25 08:40:56 +0000  
2017-10-25 08:40:56 +0000 [MT] /usr/bin/codesign exited with 0
2017-10-25 08:40:56 +0000  
2017-10-25 08:40:56 +0000  
2017-10-25 08:40:56 +0000 [MT] Applying entitlements delta for <IDEDistributionItem: 0x7f95f7d0d3c0 'com.apple.dt.runtime.swiftCoreImage' '<DVTFilePath:0x7f95f5105eb0:'/Users/amitkishnani/Public/iOSAdvanced/HalfTunes/build/HalfTunes.xcarchive/Products/Applications/HalfTunes.app/Frameworks/libswiftCoreImage.dylib'>'> from <IDEiCloudEntitlementsProcessor: 0x7f95f7f2cf30>: {
}
2017-10-25 08:40:56 +0000 [MT] Entitlements for <IDEDistributionItem: 0x7f95f7d0d3c0 'com.apple.dt.runtime.swiftCoreImage' '<DVTFilePath:0x7f95f5105eb0:'/Users/amitkishnani/Public/iOSAdvanced/HalfTunes/build/HalfTunes.xcarchive/Products/Applications/HalfTunes.app/Frameworks/libswiftCoreImage.dylib'>'>: {
}
2017-10-25 08:40:56 +0000 [MT] Writing entitlements for <IDEDistributionItem: 0x7f95f7d0d3c0 'com.apple.dt.runtime.swiftCoreImage' '<DVTFilePath:0x7f95f5105eb0:'/Users/amitkishnani/Public/iOSAdvanced/HalfTunes/build/HalfTunes.xcarchive/Products/Applications/HalfTunes.app/Frameworks/libswiftCoreImage.dylib'>'> to: /var/folders/s1/23bytmqj0jb73h_7s4l50gbw0000gn/T/XcodeDistPipeline.lEs/entitlementsV1PUVG
2017-10-25 08:40:56 +0000 [MT] Running /usr/bin/codesign '-vvv' '--force' '--sign' '88B0ED035AA8A193E6825ED1BE5067217E279ED8' '--preserve-metadata=identifier,flags' '--entitlements' '/var/folders/s1/23bytmqj0jb73h_7s4l50gbw0000gn/T/XcodeDistPipeline.lEs/entitlementsV1PUVG' '/var/folders/s1/23bytmqj0jb73h_7s4l50gbw0000gn/T/XcodeDistPipeline.lEs/Root/Payload/HalfTunes.app/Frameworks/libswiftCoreImage.dylib'
2017-10-25 08:40:56 +0000  /var/folders/s1/23bytmqj0jb73h_7s4l50gbw0000gn/T/XcodeDistPipeline.lEs/Root/Payload/HalfTunes.app/Frameworks/libswiftCoreImage.dylib: signed Mach-O universal (armv7 armv7s arm64) [com.apple.dt.runtime.swiftCoreImage]
2017-10-25 08:40:56 +0000  
2017-10-25 08:40:56 +0000  
2017-10-25 08:40:56 +0000  
2017-10-25 08:40:56 +0000  
2017-10-25 08:40:56 +0000  
2017-10-25 08:40:56 +0000  
2017-10-25 08:40:56 +0000  
2017-10-25 08:40:56 +0000  
2017-10-25 08:40:56 +0000  
2017-10-25 08:40:56 +0000  
2017-10-25 08:40:56 +0000  
2017-10-25 08:40:56 +0000  
2017-10-25 08:40:56 +0000  
2017-10-25 08:40:56 +0000  
2017-10-25 08:40:56 +0000  2017-10-25 08:40:56 +0000 [MT] /usr/bin/codesign exited with 0

2017-10-25 08:40:56 +0000  
2017-10-25 08:40:56 +0000 [MT] Applying entitlements delta for <IDEDistributionItem: 0x7f95f7f2f3a0 'com.apple.dt.runtime.swiftCoreMedia' '<DVTFilePath:0x7f95f50ca2f0:'/Users/amitkishnani/Public/iOSAdvanced/HalfTunes/build/HalfTunes.xcarchive/Products/Applications/HalfTunes.app/Frameworks/libswiftCoreMedia.dylib'>'> from <IDEiCloudEntitlementsProcessor: 0x7f95f7f2f740>: {
}
2017-10-25 08:40:56 +0000 [MT] Entitlements for <IDEDistributionItem: 0x7f95f7f2f3a0 'com.apple.dt.runtime.swiftCoreMedia' '<DVTFilePath:0x7f95f50ca2f0:'/Users/amitkishnani/Public/iOSAdvanced/HalfTunes/build/HalfTunes.xcarchive/Products/Applications/HalfTunes.app/Frameworks/libswiftCoreMedia.dylib'>'>: {
}
2017-10-25 08:40:56 +0000 [MT] Writing entitlements for <IDEDistributionItem: 0x7f95f7f2f3a0 'com.apple.dt.runtime.swiftCoreMedia' '<DVTFilePath:0x7f95f50ca2f0:'/Users/amitkishnani/Public/iOSAdvanced/HalfTunes/build/HalfTunes.xcarchive/Products/Applications/HalfTunes.app/Frameworks/libswiftCoreMedia.dylib'>'> to: /var/folders/s1/23bytmqj0jb73h_7s4l50gbw0000gn/T/XcodeDistPipeline.lEs/entitlementso8Ncxp
2017-10-25 08:40:56 +0000 [MT] Running /usr/bin/codesign '-vvv' '--force' '--sign' '88B0ED035AA8A193E6825ED1BE5067217E279ED8' '--preserve-metadata=identifier,flags' '--entitlements' '/var/folders/s1/23bytmqj0jb73h_7s4l50gbw0000gn/T/XcodeDistPipeline.lEs/entitlementso8Ncxp' '/var/folders/s1/23bytmqj0jb73h_7s4l50gbw0000gn/T/XcodeDistPipeline.lEs/Root/Payload/HalfTunes.app/Frameworks/libswiftCoreMedia.dylib'
2017-10-25 08:40:56 +0000  /var/folders/s1/23bytmqj0jb73h_7s4l50gbw0000gn/T/XcodeDistPipeline.lEs/Root/Payload/HalfTunes.app/Frameworks/libswiftCoreMedia.dylib: signed Mach-O universal (armv7 armv7s arm64) [com.apple.dt.runtime.swiftCoreMedia]
2017-10-25 08:40:56 +0000  
2017-10-25 08:40:56 +0000  
2017-10-25 08:40:56 +0000  
2017-10-25 08:40:56 +0000  
2017-10-25 08:40:56 +0000  
2017-10-25 08:40:56 +0000  
2017-10-25 08:40:56 +0000  
2017-10-25 08:40:56 +0000  
2017-10-25 08:40:56 +0000  
2017-10-25 08:40:56 +0000  
2017-10-25 08:40:56 +0000  
2017-10-25 08:40:56 +0000  
2017-10-25 08:40:56 +0000  
2017-10-25 08:40:56 +0000  
2017-10-25 08:40:56 +0000  2017-10-25 08:40:56 +0000 [MT] /usr/bin/codesign exited with 0
2017-10-25 08:40:56 +0000  

2017-10-25 08:40:56 +0000  
2017-10-25 08:40:56 +0000  
2017-10-25 08:40:56 +0000 [MT] Applying entitlements delta for <IDEDistributionItem: 0x7f95f7f35bd0 'com.apple.dt.runtime.swiftDarwin' '<DVTFilePath:0x7f95f50e2700:'/Users/amitkishnani/Public/iOSAdvanced/HalfTunes/build/HalfTunes.xcarchive/Products/Applications/HalfTunes.app/Frameworks/libswiftDarwin.dylib'>'> from <IDEiCloudEntitlementsProcessor: 0x7f95f7f2ea00>: {
}
2017-10-25 08:40:56 +0000 [MT] Entitlements for <IDEDistributionItem: 0x7f95f7f35bd0 'com.apple.dt.runtime.swiftDarwin' '<DVTFilePath:0x7f95f50e2700:'/Users/amitkishnani/Public/iOSAdvanced/HalfTunes/build/HalfTunes.xcarchive/Products/Applications/HalfTunes.app/Frameworks/libswiftDarwin.dylib'>'>: {
}
2017-10-25 08:40:56 +0000 [MT] Writing entitlements for <IDEDistributionItem: 0x7f95f7f35bd0 'com.apple.dt.runtime.swiftDarwin' '<DVTFilePath:0x7f95f50e2700:'/Users/amitkishnani/Public/iOSAdvanced/HalfTunes/build/HalfTunes.xcarchive/Products/Applications/HalfTunes.app/Frameworks/libswiftDarwin.dylib'>'> to: /var/folders/s1/23bytmqj0jb73h_7s4l50gbw0000gn/T/XcodeDistPipeline.lEs/entitlementsfF0s6k
2017-10-25 08:40:56 +0000 [MT] Running /usr/bin/codesign '-vvv' '--force' '--sign' '88B0ED035AA8A193E6825ED1BE5067217E279ED8' '--preserve-metadata=identifier,flags' '--entitlements' '/var/folders/s1/23bytmqj0jb73h_7s4l50gbw0000gn/T/XcodeDistPipeline.lEs/entitlementsfF0s6k' '/var/folders/s1/23bytmqj0jb73h_7s4l50gbw0000gn/T/XcodeDistPipeline.lEs/Root/Payload/HalfTunes.app/Frameworks/libswiftDarwin.dylib'
2017-10-25 08:40:56 +0000  /var/folders/s1/23bytmqj0jb73h_7s4l50gbw0000gn/T/XcodeDistPipeline.lEs/Root/Payload/HalfTunes.app/Frameworks/libswiftDarwin.dylib: signed Mach-O universal (armv7 armv7s arm64) [com.apple.dt.runtime.swiftDarwin]
2017-10-25 08:40:56 +0000  
2017-10-25 08:40:56 +0000  
2017-10-25 08:40:56 +0000  
2017-10-25 08:40:56 +0000  
2017-10-25 08:40:56 +0000  
2017-10-25 08:40:56 +0000  
2017-10-25 08:40:56 +0000  
2017-10-25 08:40:56 +0000  
2017-10-25 08:40:56 +0000  
2017-10-25 08:40:56 +0000  
2017-10-25 08:40:56 +0000  
2017-10-25 08:40:56 +0000  
2017-10-25 08:40:56 +0000  
2017-10-25 08:40:56 +0000  
2017-10-25 08:40:56 +0000  2017-10-25 08:40:56 +0000 [MT] /usr/bin/codesign exited with 0

2017-10-25 08:40:56 +0000  
2017-10-25 08:40:56 +0000 [MT] Applying entitlements delta for <IDEDistributionItem: 0x7f95f7a43130 'com.apple.dt.runtime.swiftDispatch' '<DVTFilePath:0x7f95f5110c70:'/Users/amitkishnani/Public/iOSAdvanced/HalfTunes/build/HalfTunes.xcarchive/Products/Applications/HalfTunes.app/Frameworks/libswiftDispatch.dylib'>'> from <IDEiCloudEntitlementsProcessor: 0x7f95f7f591f0>: {
}
2017-10-25 08:40:56 +0000 [MT] Entitlements for <IDEDistributionItem: 0x7f95f7a43130 'com.apple.dt.runtime.swiftDispatch' '<DVTFilePath:0x7f95f5110c70:'/Users/amitkishnani/Public/iOSAdvanced/HalfTunes/build/HalfTunes.xcarchive/Products/Applications/HalfTunes.app/Frameworks/libswiftDispatch.dylib'>'>: {
}
2017-10-25 08:40:56 +0000 [MT] Writing entitlements for <IDEDistributionItem: 0x7f95f7a43130 'com.apple.dt.runtime.swiftDispatch' '<DVTFilePath:0x7f95f5110c70:'/Users/amitkishnani/Public/iOSAdvanced/HalfTunes/build/HalfTunes.xcarchive/Products/Applications/HalfTunes.app/Frameworks/libswiftDispatch.dylib'>'> to: /var/folders/s1/23bytmqj0jb73h_7s4l50gbw0000gn/T/XcodeDistPipeline.lEs/entitlementsvqgzHU
2017-10-25 08:40:56 +0000 [MT] Running /usr/bin/codesign '-vvv' '--force' '--sign' '88B0ED035AA8A193E6825ED1BE5067217E279ED8' '--preserve-metadata=identifier,flags' '--entitlements' '/var/folders/s1/23bytmqj0jb73h_7s4l50gbw0000gn/T/XcodeDistPipeline.lEs/entitlementsvqgzHU' '/var/folders/s1/23bytmqj0jb73h_7s4l50gbw0000gn/T/XcodeDistPipeline.lEs/Root/Payload/HalfTunes.app/Frameworks/libswiftDispatch.dylib'
2017-10-25 08:40:56 +0000  /var/folders/s1/23bytmqj0jb73h_7s4l50gbw0000gn/T/XcodeDistPipeline.lEs/Root/Payload/HalfTunes.app/Frameworks/libswiftDispatch.dylib: signed Mach-O universal (armv7 armv7s arm64) [com.apple.dt.runtime.swiftDispatch]
2017-10-25 08:40:56 +0000  2017-10-25 08:40:56 +0000  

2017-10-25 08:40:56 +0000  
2017-10-25 08:40:56 +0000  
2017-10-25 08:40:56 +0000  
2017-10-25 08:40:56 +0000  
2017-10-25 08:40:56 +0000  
2017-10-25 08:40:56 +0000  
2017-10-25 08:40:56 +0000  
2017-10-25 08:40:56 +0000  
2017-10-25 08:40:56 +0000  
2017-10-25 08:40:56 +0000  
2017-10-25 08:40:56 +0000  
2017-10-25 08:40:57 +0000  
2017-10-25 08:40:57 +0000  2017-10-25 08:40:57 +0000 [MT] /usr/bin/codesign exited with 0
2017-10-25 08:40:57 +0000  

2017-10-25 08:40:57 +0000  2017-10-25 08:40:57 +0000  

2017-10-25 08:40:57 +0000 [MT] Applying entitlements delta for <IDEDistributionItem: 0x7f95f7bbbe50 'com.apple.dt.runtime.swiftFoundation' '<DVTFilePath:0x7f95f50c6d00:'/Users/amitkishnani/Public/iOSAdvanced/HalfTunes/build/HalfTunes.xcarchive/Products/Applications/HalfTunes.app/Frameworks/libswiftFoundation.dylib'>'> from <IDEiCloudEntitlementsProcessor: 0x7f95f7f1c480>: {
}
2017-10-25 08:40:57 +0000 [MT] Entitlements for <IDEDistributionItem: 0x7f95f7bbbe50 'com.apple.dt.runtime.swiftFoundation' '<DVTFilePath:0x7f95f50c6d00:'/Users/amitkishnani/Public/iOSAdvanced/HalfTunes/build/HalfTunes.xcarchive/Products/Applications/HalfTunes.app/Frameworks/libswiftFoundation.dylib'>'>: {
}
2017-10-25 08:40:57 +0000 [MT] Writing entitlements for <IDEDistributionItem: 0x7f95f7bbbe50 'com.apple.dt.runtime.swiftFoundation' '<DVTFilePath:0x7f95f50c6d00:'/Users/amitkishnani/Public/iOSAdvanced/HalfTunes/build/HalfTunes.xcarchive/Products/Applications/HalfTunes.app/Frameworks/libswiftFoundation.dylib'>'> to: /var/folders/s1/23bytmqj0jb73h_7s4l50gbw0000gn/T/XcodeDistPipeline.lEs/entitlementsOTNEZd
2017-10-25 08:40:57 +0000 [MT] Running /usr/bin/codesign '-vvv' '--force' '--sign' '88B0ED035AA8A193E6825ED1BE5067217E279ED8' '--preserve-metadata=identifier,flags' '--entitlements' '/var/folders/s1/23bytmqj0jb73h_7s4l50gbw0000gn/T/XcodeDistPipeline.lEs/entitlementsOTNEZd' '/var/folders/s1/23bytmqj0jb73h_7s4l50gbw0000gn/T/XcodeDistPipeline.lEs/Root/Payload/HalfTunes.app/Frameworks/libswiftFoundation.dylib'
2017-10-25 08:40:57 +0000  /var/folders/s1/23bytmqj0jb73h_7s4l50gbw0000gn/T/XcodeDistPipeline.lEs/Root/Payload/HalfTunes.app/Frameworks/libswiftFoundation.dylib: signed Mach-O universal (armv7 armv7s arm64) [com.apple.dt.runtime.swiftFoundation]
2017-10-25 08:40:57 +0000  2017-10-25 08:40:57 +0000  

2017-10-25 08:40:57 +0000  
2017-10-25 08:40:57 +0000  
2017-10-25 08:40:57 +0000  
2017-10-25 08:40:57 +0000  
2017-10-25 08:40:57 +0000  
2017-10-25 08:40:57 +0000  
2017-10-25 08:40:57 +0000  
2017-10-25 08:40:57 +0000  
2017-10-25 08:40:57 +0000  
2017-10-25 08:40:57 +0000  
2017-10-25 08:40:57 +0000  
2017-10-25 08:40:57 +0000  
2017-10-25 08:40:57 +0000  
2017-10-25 08:40:57 +0000 [MT] /usr/bin/codesign exited with 0
2017-10-25 08:40:57 +0000  
2017-10-25 08:40:57 +0000  
2017-10-25 08:40:57 +0000 [MT] Applying entitlements delta for <IDEDistributionItem: 0x7f95f7f3a3c0 'com.apple.dt.runtime.swiftMetal' '<DVTFilePath:0x7f95f5113010:'/Users/amitkishnani/Public/iOSAdvanced/HalfTunes/build/HalfTunes.xcarchive/Products/Applications/HalfTunes.app/Frameworks/libswiftMetal.dylib'>'> from <IDEiCloudEntitlementsProcessor: 0x7f95f7f2cf50>: {
}
2017-10-25 08:40:57 +0000 [MT] Entitlements for <IDEDistributionItem: 0x7f95f7f3a3c0 'com.apple.dt.runtime.swiftMetal' '<DVTFilePath:0x7f95f5113010:'/Users/amitkishnani/Public/iOSAdvanced/HalfTunes/build/HalfTunes.xcarchive/Products/Applications/HalfTunes.app/Frameworks/libswiftMetal.dylib'>'>: {
}
2017-10-25 08:40:57 +0000 [MT] Writing entitlements for <IDEDistributionItem: 0x7f95f7f3a3c0 'com.apple.dt.runtime.swiftMetal' '<DVTFilePath:0x7f95f5113010:'/Users/amitkishnani/Public/iOSAdvanced/HalfTunes/build/HalfTunes.xcarchive/Products/Applications/HalfTunes.app/Frameworks/libswiftMetal.dylib'>'> to: /var/folders/s1/23bytmqj0jb73h_7s4l50gbw0000gn/T/XcodeDistPipeline.lEs/entitlementsVSPZKk
2017-10-25 08:40:57 +0000 [MT] Running /usr/bin/codesign '-vvv' '--force' '--sign' '88B0ED035AA8A193E6825ED1BE5067217E279ED8' '--preserve-metadata=identifier,flags' '--entitlements' '/var/folders/s1/23bytmqj0jb73h_7s4l50gbw0000gn/T/XcodeDistPipeline.lEs/entitlementsVSPZKk' '/var/folders/s1/23bytmqj0jb73h_7s4l50gbw0000gn/T/XcodeDistPipeline.lEs/Root/Payload/HalfTunes.app/Frameworks/libswiftMetal.dylib'
2017-10-25 08:40:57 +0000  /var/folders/s1/23bytmqj0jb73h_7s4l50gbw0000gn/T/XcodeDistPipeline.lEs/Root/Payload/HalfTunes.app/Frameworks/libswiftMetal.dylib: signed Mach-O universal (armv7 armv7s arm64) [com.apple.dt.runtime.swiftMetal]
2017-10-25 08:40:57 +0000  2017-10-25 08:40:57 +0000  

2017-10-25 08:40:57 +0000  
2017-10-25 08:40:57 +0000  
2017-10-25 08:40:57 +0000  
2017-10-25 08:40:57 +0000  
2017-10-25 08:40:57 +0000  
2017-10-25 08:40:57 +0000  
2017-10-25 08:40:57 +0000  
2017-10-25 08:40:57 +0000  
2017-10-25 08:40:57 +0000  
2017-10-25 08:40:57 +0000  
2017-10-25 08:40:57 +0000  
2017-10-25 08:40:57 +0000  
2017-10-25 08:40:57 +0000  
2017-10-25 08:40:57 +0000  2017-10-25 08:40:57 +0000 [MT] /usr/bin/codesign exited with 0

2017-10-25 08:40:57 +0000  
2017-10-25 08:40:57 +0000 [MT] Applying entitlements delta for <IDEDistributionItem: 0x7f95f7d05810 'com.apple.dt.runtime.swiftObjectiveC' '<DVTFilePath:0x7f95f510e9f0:'/Users/amitkishnani/Public/iOSAdvanced/HalfTunes/build/HalfTunes.xcarchive/Products/Applications/HalfTunes.app/Frameworks/libswiftObjectiveC.dylib'>'> from <IDEiCloudEntitlementsProcessor: 0x7f95f7f2dc10>: {
}
2017-10-25 08:40:57 +0000 [MT] Entitlements for <IDEDistributionItem: 0x7f95f7d05810 'com.apple.dt.runtime.swiftObjectiveC' '<DVTFilePath:0x7f95f510e9f0:'/Users/amitkishnani/Public/iOSAdvanced/HalfTunes/build/HalfTunes.xcarchive/Products/Applications/HalfTunes.app/Frameworks/libswiftObjectiveC.dylib'>'>: {
}
2017-10-25 08:40:57 +0000 [MT] Writing entitlements for <IDEDistributionItem: 0x7f95f7d05810 'com.apple.dt.runtime.swiftObjectiveC' '<DVTFilePath:0x7f95f510e9f0:'/Users/amitkishnani/Public/iOSAdvanced/HalfTunes/build/HalfTunes.xcarchive/Products/Applications/HalfTunes.app/Frameworks/libswiftObjectiveC.dylib'>'> to: /var/folders/s1/23bytmqj0jb73h_7s4l50gbw0000gn/T/XcodeDistPipeline.lEs/entitlementsQTxeGm
2017-10-25 08:40:57 +0000 [MT] Running /usr/bin/codesign '-vvv' '--force' '--sign' '88B0ED035AA8A193E6825ED1BE5067217E279ED8' '--preserve-metadata=identifier,flags' '--entitlements' '/var/folders/s1/23bytmqj0jb73h_7s4l50gbw0000gn/T/XcodeDistPipeline.lEs/entitlementsQTxeGm' '/var/folders/s1/23bytmqj0jb73h_7s4l50gbw0000gn/T/XcodeDistPipeline.lEs/Root/Payload/HalfTunes.app/Frameworks/libswiftObjectiveC.dylib'
2017-10-25 08:40:57 +0000  /var/folders/s1/23bytmqj0jb73h_7s4l50gbw0000gn/T/XcodeDistPipeline.lEs/Root/Payload/HalfTunes.app/Frameworks/libswiftObjectiveC.dylib: signed Mach-O universal (armv7 armv7s arm64) [com.apple.dt.runtime.swiftObjectiveC]
2017-10-25 08:40:57 +0000  2017-10-25 08:40:57 +0000  

2017-10-25 08:40:57 +0000  
2017-10-25 08:40:57 +0000  
2017-10-25 08:40:57 +0000  
2017-10-25 08:40:57 +0000  
2017-10-25 08:40:57 +0000  
2017-10-25 08:40:57 +0000  
2017-10-25 08:40:57 +0000  
2017-10-25 08:40:57 +0000  
2017-10-25 08:40:57 +0000  
2017-10-25 08:40:57 +0000  
2017-10-25 08:40:57 +0000  2017-10-25 08:40:57 +0000  

2017-10-25 08:40:57 +0000 [MT] /usr/bin/codesign exited with 0
2017-10-25 08:40:57 +0000  
2017-10-25 08:40:57 +0000  
2017-10-25 08:40:57 +0000 [MT] Applying entitlements delta for <IDEDistributionItem: 0x7f95f7f27660 'com.apple.dt.runtime.swiftQuartzCore' '<DVTFilePath:0x7f95f50c3c70:'/Users/amitkishnani/Public/iOSAdvanced/HalfTunes/build/HalfTunes.xcarchive/Products/Applications/HalfTunes.app/Frameworks/libswiftQuartzCore.dylib'>'> from <IDEiCloudEntitlementsProcessor: 0x7f95f7f2df90>: {
}
2017-10-25 08:40:57 +0000 [MT] Entitlements for <IDEDistributionItem: 0x7f95f7f27660 'com.apple.dt.runtime.swiftQuartzCore' '<DVTFilePath:0x7f95f50c3c70:'/Users/amitkishnani/Public/iOSAdvanced/HalfTunes/build/HalfTunes.xcarchive/Products/Applications/HalfTunes.app/Frameworks/libswiftQuartzCore.dylib'>'>: {
}
2017-10-25 08:40:57 +0000 [MT] Writing entitlements for <IDEDistributionItem: 0x7f95f7f27660 'com.apple.dt.runtime.swiftQuartzCore' '<DVTFilePath:0x7f95f50c3c70:'/Users/amitkishnani/Public/iOSAdvanced/HalfTunes/build/HalfTunes.xcarchive/Products/Applications/HalfTunes.app/Frameworks/libswiftQuartzCore.dylib'>'> to: /var/folders/s1/23bytmqj0jb73h_7s4l50gbw0000gn/T/XcodeDistPipeline.lEs/entitlementslZ8dDc
2017-10-25 08:40:57 +0000 [MT] Running /usr/bin/codesign '-vvv' '--force' '--sign' '88B0ED035AA8A193E6825ED1BE5067217E279ED8' '--preserve-metadata=identifier,flags' '--entitlements' '/var/folders/s1/23bytmqj0jb73h_7s4l50gbw0000gn/T/XcodeDistPipeline.lEs/entitlementslZ8dDc' '/var/folders/s1/23bytmqj0jb73h_7s4l50gbw0000gn/T/XcodeDistPipeline.lEs/Root/Payload/HalfTunes.app/Frameworks/libswiftQuartzCore.dylib'
2017-10-25 08:40:57 +0000  /var/folders/s1/23bytmqj0jb73h_7s4l50gbw0000gn/T/XcodeDistPipeline.lEs/Root/Payload/HalfTunes.app/Frameworks/libswiftQuartzCore.dylib: signed Mach-O universal (armv7 armv7s arm64) [com.apple.dt.runtime.swiftQuartzCore]
2017-10-25 08:40:57 +0000  
2017-10-25 08:40:57 +0000  
2017-10-25 08:40:57 +0000  
2017-10-25 08:40:57 +0000  
2017-10-25 08:40:57 +0000  
2017-10-25 08:40:57 +0000  
2017-10-25 08:40:57 +0000  
2017-10-25 08:40:57 +0000  
2017-10-25 08:40:57 +0000  
2017-10-25 08:40:57 +0000  
2017-10-25 08:40:57 +0000  
2017-10-25 08:40:57 +0000  
2017-10-25 08:40:57 +0000  
2017-10-25 08:40:57 +0000  2017-10-25 08:40:57 +0000  

2017-10-25 08:40:57 +0000  2017-10-25 08:40:57 +0000 [MT] /usr/bin/codesign exited with 0

2017-10-25 08:40:57 +0000  
2017-10-25 08:40:57 +0000 [MT] Applying entitlements delta for <IDEDistributionItem: 0x7f95f7a4aba0 'com.apple.dt.runtime.swiftUIKit' '<DVTFilePath:0x7f95f5112560:'/Users/amitkishnani/Public/iOSAdvanced/HalfTunes/build/HalfTunes.xcarchive/Products/Applications/HalfTunes.app/Frameworks/libswiftUIKit.dylib'>'> from <IDEiCloudEntitlementsProcessor: 0x7f95f7f2dda0>: {
}
2017-10-25 08:40:57 +0000 [MT] Entitlements for <IDEDistributionItem: 0x7f95f7a4aba0 'com.apple.dt.runtime.swiftUIKit' '<DVTFilePath:0x7f95f5112560:'/Users/amitkishnani/Public/iOSAdvanced/HalfTunes/build/HalfTunes.xcarchive/Products/Applications/HalfTunes.app/Frameworks/libswiftUIKit.dylib'>'>: {
}
2017-10-25 08:40:57 +0000 [MT] Writing entitlements for <IDEDistributionItem: 0x7f95f7a4aba0 'com.apple.dt.runtime.swiftUIKit' '<DVTFilePath:0x7f95f5112560:'/Users/amitkishnani/Public/iOSAdvanced/HalfTunes/build/HalfTunes.xcarchive/Products/Applications/HalfTunes.app/Frameworks/libswiftUIKit.dylib'>'> to: /var/folders/s1/23bytmqj0jb73h_7s4l50gbw0000gn/T/XcodeDistPipeline.lEs/entitlementskRzU1S
2017-10-25 08:40:57 +0000 [MT] Running /usr/bin/codesign '-vvv' '--force' '--sign' '88B0ED035AA8A193E6825ED1BE5067217E279ED8' '--preserve-metadata=identifier,flags' '--entitlements' '/var/folders/s1/23bytmqj0jb73h_7s4l50gbw0000gn/T/XcodeDistPipeline.lEs/entitlementskRzU1S' '/var/folders/s1/23bytmqj0jb73h_7s4l50gbw0000gn/T/XcodeDistPipeline.lEs/Root/Payload/HalfTunes.app/Frameworks/libswiftUIKit.dylib'
2017-10-25 08:40:57 +0000  /var/folders/s1/23bytmqj0jb73h_7s4l50gbw0000gn/T/XcodeDistPipeline.lEs/Root/Payload/HalfTunes.app/Frameworks/libswiftUIKit.dylib: signed Mach-O universal (armv7 armv7s arm64) [com.apple.dt.runtime.swiftUIKit]
2017-10-25 08:40:57 +0000  
2017-10-25 08:40:57 +0000  
2017-10-25 08:40:57 +0000  
2017-10-25 08:40:57 +0000  
2017-10-25 08:40:57 +0000  
2017-10-25 08:40:57 +0000  
2017-10-25 08:40:57 +0000  
2017-10-25 08:40:57 +0000  
2017-10-25 08:40:57 +0000  
2017-10-25 08:40:57 +0000  
2017-10-25 08:40:57 +0000  
2017-10-25 08:40:57 +0000  
2017-10-25 08:40:57 +0000  
2017-10-25 08:40:57 +0000  
2017-10-25 08:40:57 +0000  
2017-10-25 08:40:57 +0000  2017-10-25 08:40:57 +0000  

2017-10-25 08:40:57 +0000 [MT] /usr/bin/codesign exited with 0
2017-10-25 08:40:57 +0000  2017-10-25 08:40:57 +0000  

2017-10-25 08:40:57 +0000 [MT] Applying entitlements delta for <IDEDistributionItem: 0x7f95f7f3f270 'com.apple.dt.runtime.swiftos' '<DVTFilePath:0x7f95f5115980:'/Users/amitkishnani/Public/iOSAdvanced/HalfTunes/build/HalfTunes.xcarchive/Products/Applications/HalfTunes.app/Frameworks/libswiftos.dylib'>'> from <IDEiCloudEntitlementsProcessor: 0x7f95f7f32770>: {
}
2017-10-25 08:40:57 +0000 [MT] Entitlements for <IDEDistributionItem: 0x7f95f7f3f270 'com.apple.dt.runtime.swiftos' '<DVTFilePath:0x7f95f5115980:'/Users/amitkishnani/Public/iOSAdvanced/HalfTunes/build/HalfTunes.xcarchive/Products/Applications/HalfTunes.app/Frameworks/libswiftos.dylib'>'>: {
}
2017-10-25 08:40:57 +0000 [MT] Writing entitlements for <IDEDistributionItem: 0x7f95f7f3f270 'com.apple.dt.runtime.swiftos' '<DVTFilePath:0x7f95f5115980:'/Users/amitkishnani/Public/iOSAdvanced/HalfTunes/build/HalfTunes.xcarchive/Products/Applications/HalfTunes.app/Frameworks/libswiftos.dylib'>'> to: /var/folders/s1/23bytmqj0jb73h_7s4l50gbw0000gn/T/XcodeDistPipeline.lEs/entitlements2OKA6H
2017-10-25 08:40:57 +0000 [MT] Running /usr/bin/codesign '-vvv' '--force' '--sign' '88B0ED035AA8A193E6825ED1BE5067217E279ED8' '--preserve-metadata=identifier,flags' '--entitlements' '/var/folders/s1/23bytmqj0jb73h_7s4l50gbw0000gn/T/XcodeDistPipeline.lEs/entitlements2OKA6H' '/var/folders/s1/23bytmqj0jb73h_7s4l50gbw0000gn/T/XcodeDistPipeline.lEs/Root/Payload/HalfTunes.app/Frameworks/libswiftos.dylib'
2017-10-25 08:40:57 +0000  /var/folders/s1/23bytmqj0jb73h_7s4l50gbw0000gn/T/XcodeDistPipeline.lEs/Root/Payload/HalfTunes.app/Frameworks/libswiftos.dylib: signed Mach-O universal (armv7 armv7s arm64) [com.apple.dt.runtime.swiftos]
2017-10-25 08:40:57 +0000  
2017-10-25 08:40:57 +0000  
2017-10-25 08:40:57 +0000  
2017-10-25 08:40:57 +0000  
2017-10-25 08:40:57 +0000  
2017-10-25 08:40:57 +0000  
2017-10-25 08:40:57 +0000  
2017-10-25 08:40:57 +0000  
2017-10-25 08:40:57 +0000  
2017-10-25 08:40:57 +0000  
2017-10-25 08:40:57 +0000  
2017-10-25 08:40:57 +0000  2017-10-25 08:40:57 +0000  

2017-10-25 08:40:57 +0000  
2017-10-25 08:40:57 +0000  2017-10-25 08:40:57 +0000  

2017-10-25 08:40:57 +0000 [MT] /usr/bin/codesign exited with 02017-10-25 08:40:57 +0000  

2017-10-25 08:40:57 +0000  
2017-10-25 08:40:57 +0000 [MT] Applying entitlements delta for <IDEDistributionItem: 0x7f95f7d074d0 'com.apple.dt.runtime.swiftsimd' '<DVTFilePath:0x7f95f50bac90:'/Users/amitkishnani/Public/iOSAdvanced/HalfTunes/build/HalfTunes.xcarchive/Products/Applications/HalfTunes.app/Frameworks/libswiftsimd.dylib'>'> from <IDEiCloudEntitlementsProcessor: 0x7f95f7f2cb20>: {
}
2017-10-25 08:40:57 +0000 [MT] Entitlements for <IDEDistributionItem: 0x7f95f7d074d0 'com.apple.dt.runtime.swiftsimd' '<DVTFilePath:0x7f95f50bac90:'/Users/amitkishnani/Public/iOSAdvanced/HalfTunes/build/HalfTunes.xcarchive/Products/Applications/HalfTunes.app/Frameworks/libswiftsimd.dylib'>'>: {
}
2017-10-25 08:40:57 +0000 [MT] Writing entitlements for <IDEDistributionItem: 0x7f95f7d074d0 'com.apple.dt.runtime.swiftsimd' '<DVTFilePath:0x7f95f50bac90:'/Users/amitkishnani/Public/iOSAdvanced/HalfTunes/build/HalfTunes.xcarchive/Products/Applications/HalfTunes.app/Frameworks/libswiftsimd.dylib'>'> to: /var/folders/s1/23bytmqj0jb73h_7s4l50gbw0000gn/T/XcodeDistPipeline.lEs/entitlementsJfdBfX
2017-10-25 08:40:57 +0000 [MT] Running /usr/bin/codesign '-vvv' '--force' '--sign' '88B0ED035AA8A193E6825ED1BE5067217E279ED8' '--preserve-metadata=identifier,flags' '--entitlements' '/var/folders/s1/23bytmqj0jb73h_7s4l50gbw0000gn/T/XcodeDistPipeline.lEs/entitlementsJfdBfX' '/var/folders/s1/23bytmqj0jb73h_7s4l50gbw0000gn/T/XcodeDistPipeline.lEs/Root/Payload/HalfTunes.app/Frameworks/libswiftsimd.dylib'
2017-10-25 08:40:57 +0000  /var/folders/s1/23bytmqj0jb73h_7s4l50gbw0000gn/T/XcodeDistPipeline.lEs/Root/Payload/HalfTunes.app/Frameworks/libswiftsimd.dylib: signed Mach-O universal (armv7 armv7s arm64) [com.apple.dt.runtime.swiftsimd]
2017-10-25 08:40:57 +0000  
2017-10-25 08:40:57 +0000  
2017-10-25 08:40:57 +0000  2017-10-25 08:40:57 +0000  

2017-10-25 08:40:57 +0000  
2017-10-25 08:40:57 +0000  
2017-10-25 08:40:57 +0000  
2017-10-25 08:40:57 +0000  
2017-10-25 08:40:57 +0000  
2017-10-25 08:40:57 +0000  
2017-10-25 08:40:57 +0000  
2017-10-25 08:40:57 +0000  
2017-10-25 08:40:57 +0000  2017-10-25 08:40:57 +0000  

2017-10-25 08:40:57 +0000 [MT] /usr/bin/codesign exited with 02017-10-25 08:40:57 +0000  
2017-10-25 08:40:57 +0000  

2017-10-25 08:40:57 +0000 [MT] Applying entitlements delta for <IDEDistributionItem: 0x7f95f7a41b40 'com.razeware.HalfTunes' '<DVTFilePath:0x7f95f7b828c0:'/Users/amitkishnani/Public/iOSAdvanced/HalfTunes/build/HalfTunes.xcarchive/Products/Applications/HalfTunes.app'>'> from <IDEiCloudEntitlementsProcessor: 0x7f95f7f30990>: {
}
2017-10-25 08:40:57 +0000 [MT] Entitlements for <IDEDistributionItem: 0x7f95f7a41b40 'com.razeware.HalfTunes' '<DVTFilePath:0x7f95f7b828c0:'/Users/amitkishnani/Public/iOSAdvanced/HalfTunes/build/HalfTunes.xcarchive/Products/Applications/HalfTunes.app'>'>: {
    "application-identifier" = "34CAZHZ6N5.com.razeware.HalfTunes";
    "com.apple.developer.team-identifier" = 2WA89PX7ZL;
    "get-task-allow" = 0;
    "keychain-access-groups" =     (
        "34CAZHZ6N5.com.razeware.HalfTunes"
    );
}
2017-10-25 08:40:57 +0000 [MT] Writing entitlements for <IDEDistributionItem: 0x7f95f7a41b40 'com.razeware.HalfTunes' '<DVTFilePath:0x7f95f7b828c0:'/Users/amitkishnani/Public/iOSAdvanced/HalfTunes/build/HalfTunes.xcarchive/Products/Applications/HalfTunes.app'>'> to: /var/folders/s1/23bytmqj0jb73h_7s4l50gbw0000gn/T/XcodeDistPipeline.lEs/entitlementso467XT
2017-10-25 08:40:57 +0000 [MT] Running /usr/bin/codesign '-vvv' '--force' '--sign' '88B0ED035AA8A193E6825ED1BE5067217E279ED8' '--preserve-metadata=identifier,flags' '--entitlements' '/var/folders/s1/23bytmqj0jb73h_7s4l50gbw0000gn/T/XcodeDistPipeline.lEs/entitlementso467XT' '/var/folders/s1/23bytmqj0jb73h_7s4l50gbw0000gn/T/XcodeDistPipeline.lEs/Root/Payload/HalfTunes.app'
2017-10-25 08:40:58 +0000  /var/folders/s1/23bytmqj0jb73h_7s4l50gbw0000gn/T/XcodeDistPipeline.lEs/Root/Payload/HalfTunes.app: signed app bundle with Mach-O universal (armv7 arm64) [com.razeware.HalfTunes]
2017-10-25 08:40:58 +0000  
2017-10-25 08:40:58 +0000  
2017-10-25 08:40:58 +0000  
2017-10-25 08:40:58 +0000  
2017-10-25 08:40:58 +0000  
2017-10-25 08:40:58 +0000  
2017-10-25 08:40:58 +0000  
2017-10-25 08:40:58 +0000  
2017-10-25 08:40:58 +0000  
2017-10-25 08:40:58 +0000  
2017-10-25 08:40:58 +0000  
2017-10-25 08:40:58 +0000  
2017-10-25 08:40:58 +0000  
2017-10-25 08:40:58 +0000  
2017-10-25 08:40:58 +0000  
2017-10-25 08:40:58 +0000  2017-10-25 08:40:58 +0000 [MT] /usr/bin/codesign exited with 0

2017-10-25 08:40:58 +0000  
2017-10-25 08:40:58 +0000  
2017-10-25 08:40:58 +0000 [MT] Processing step: IDEDistributionStreamingZipItemStep
2017-10-25 08:40:58 +0000 [MT] Skipping step: IDEDistributionStreamingZipItemStep because it said so
2017-10-25 08:40:58 +0000 [MT] Skipping step: IDEDistributionStreamingZipItemStep because it said so
2017-10-25 08:40:58 +0000 [MT] Skipping step: IDEDistributionStreamingZipItemStep because it said so
2017-10-25 08:40:58 +0000 [MT] Skipping step: IDEDistributionStreamingZipItemStep because it said so
2017-10-25 08:40:58 +0000 [MT] Skipping step: IDEDistributionStreamingZipItemStep because it said so
2017-10-25 08:40:58 +0000 [MT] Skipping step: IDEDistributionStreamingZipItemStep because it said so
2017-10-25 08:40:58 +0000 [MT] Skipping step: IDEDistributionStreamingZipItemStep because it said so
2017-10-25 08:40:58 +0000 [MT] Skipping step: IDEDistributionStreamingZipItemStep because it said so
2017-10-25 08:40:58 +0000 [MT] Skipping step: IDEDistributionStreamingZipItemStep because it said so
2017-10-25 08:40:58 +0000 [MT] Skipping step: IDEDistributionStreamingZipItemStep because it said so
2017-10-25 08:40:58 +0000 [MT] Skipping step: IDEDistributionStreamingZipItemStep because it said so
2017-10-25 08:40:58 +0000 [MT] Skipping step: IDEDistributionStreamingZipItemStep because it said so
2017-10-25 08:40:58 +0000 [MT] Skipping step: IDEDistributionStreamingZipItemStep because it said so
2017-10-25 08:40:58 +0000 [MT] Skipping step: IDEDistributionStreamingZipItemStep because it said so
2017-10-25 08:40:58 +0000 [MT] Skipping step: IDEDistributionStreamingZipItemStep because it said so
2017-10-25 08:40:58 +0000 [MT] Skipping step: IDEDistributionStreamingZipItemStep because it said so
2017-10-25 08:40:58 +0000 [MT] Skipping step: IDEDistributionStreamingZipItemStep because it said so
2017-10-25 08:40:58 +0000 [MT] Processing step: IDEDistributionCreateIPAStep
2017-10-25 08:40:58 +0000 [MT] Running /usr/bin/ditto '-V' '-c' '-k' '--norsrc' '/var/folders/s1/23bytmqj0jb73h_7s4l50gbw0000gn/T/XcodeDistPipeline.lEs/Root' '/var/folders/s1/23bytmqj0jb73h_7s4l50gbw0000gn/T/XcodeDistPipeline.lEs/Packages/HalfTunes.ipa'
2017-10-25 08:40:58 +0000  >>> Copying /var/folders/s1/23bytmqj0jb73h_7s4l50gbw0000gn/T/XcodeDistPipeline.lEs/Root 
2017-10-25 08:40:58 +0000  copying file ./Payload/HalfTunes.app/_CodeSignature/CodeResources ... 
2017-10-25 08:40:58 +0000  9499 bytes for ./Payload/HalfTunes.app/_CodeSignature/CodeResources
2017-10-25 08:40:58 +0000  copying file ./Payload/HalfTunes.app/Base.lproj/LaunchScreen.nib ... 
2017-10-25 08:40:58 +0000  3158 bytes for ./Payload/HalfTunes.app/Base.lproj/LaunchScreen.nib
2017-10-25 08:40:58 +0000  copying file ./Payload/HalfTunes.app/Base.lproj/Main.storyboardc/UIViewController-dGf-6A-1OJ.nib ... 
2017-10-25 08:40:58 +0000  1057 bytes for ./Payload/HalfTunes.app/Base.lproj/Main.storyboardc/UIViewController-dGf-6A-1OJ.nib
copying file ./Payload/HalfTunes.app/Base.lproj/Main.storyboardc/dGf-6A-1OJ-view-p0Q-UD-vKI.nib ... 
2017-10-25 08:40:58 +0000  9777 bytes for ./Payload/HalfTunes.app/Base.lproj/Main.storyboardc/dGf-6A-1OJ-view-p0Q-UD-vKI.nib
copying file ./Payload/HalfTunes.app/Base.lproj/Main.storyboardc/Info.plist ... 
2017-10-25 08:40:58 +0000  258 bytes for ./Payload/HalfTunes.app/Base.lproj/Main.storyboardc/Info.plist
copying file ./Payload/HalfTunes.app/archived-expanded-entitlements.xcent ... 
2017-10-25 08:40:58 +0000  382 bytes for ./Payload/HalfTunes.app/archived-expanded-entitlements.xcent
copying file ./Payload/HalfTunes.app/HalfTunes ... 
2017-10-25 08:40:58 +0000  362448 bytes for ./Payload/HalfTunes.app/HalfTunes
2017-10-25 08:40:58 +0000  copying file ./Payload/HalfTunes.app/Frameworks/libswiftCoreImage.dylib ... 
2017-10-25 08:40:58 +0000  209264 bytes for ./Payload/HalfTunes.app/Frameworks/libswiftCoreImage.dylib
copying file ./Payload/HalfTunes.app/Frameworks/libswiftObjectiveC.dylib ... 
2017-10-25 08:40:58 +0000  259344 bytes for ./Payload/HalfTunes.app/Frameworks/libswiftObjectiveC.dylib
copying file ./Payload/HalfTunes.app/Frameworks/libswiftCore.dylib ... 
2017-10-25 08:40:59 +0000  21046080 bytes for ./Payload/HalfTunes.app/Frameworks/libswiftCore.dylib
copying file ./Payload/HalfTunes.app/Frameworks/libswiftCoreGraphics.dylib ... 
2017-10-25 08:40:59 +0000  578160 bytes for ./Payload/HalfTunes.app/Frameworks/libswiftCoreGraphics.dylib
copying file ./Payload/HalfTunes.app/Frameworks/libswiftUIKit.dylib ... 
2017-10-25 08:40:59 +0000  361888 bytes for ./Payload/HalfTunes.app/Frameworks/libswiftUIKit.dylib
copying file ./Payload/HalfTunes.app/Frameworks/libswiftMetal.dylib ... 
2017-10-25 08:40:59 +0000  251664 bytes for ./Payload/HalfTunes.app/Frameworks/libswiftMetal.dylib
copying file ./Payload/HalfTunes.app/Frameworks/libswiftDispatch.dylib ... 
2017-10-25 08:40:59 +0000  1009664 bytes for ./Payload/HalfTunes.app/Frameworks/libswiftDispatch.dylib
copying file ./Payload/HalfTunes.app/Frameworks/libswiftos.dylib ... 
2017-10-25 08:40:59 +0000  249312 bytes for ./Payload/HalfTunes.app/Frameworks/libswiftos.dylib
copying file ./Payload/HalfTunes.app/Frameworks/libswiftCoreFoundation.dylib ... 
2017-10-25 08:40:59 +0000  208704 bytes for ./Payload/HalfTunes.app/Frameworks/libswiftCoreFoundation.dylib
copying file ./Payload/HalfTunes.app/Frameworks/libswiftDarwin.dylib ... 
2017-10-25 08:40:59 +0000  303472 bytes for ./Payload/HalfTunes.app/Frameworks/libswiftDarwin.dylib
copying file ./Payload/HalfTunes.app/Frameworks/libswiftQuartzCore.dylib ... 
2017-10-25 08:40:59 +0000  212608 bytes for ./Payload/HalfTunes.app/Frameworks/libswiftQuartzCore.dylib
copying file ./Payload/HalfTunes.app/Frameworks/libswiftCoreAudio.dylib ... 
2017-10-25 08:40:59 +0000  354272 bytes for ./Payload/HalfTunes.app/Frameworks/libswiftCoreAudio.dylib
copying file ./Payload/HalfTunes.app/Frameworks/libswiftAVFoundation.dylib ... 
2017-10-25 08:40:59 +0000  504800 bytes for ./Payload/HalfTunes.app/Frameworks/libswiftAVFoundation.dylib
copying file ./Payload/HalfTunes.app/Frameworks/libswiftFoundation.dylib ... 
2017-10-25 08:40:59 +0000  8526144 bytes for ./Payload/HalfTunes.app/Frameworks/libswiftFoundation.dylib
copying file ./Payload/HalfTunes.app/Frameworks/libswiftCoreMedia.dylib ... 
2017-10-25 08:40:59 +0000  254064 bytes for ./Payload/HalfTunes.app/Frameworks/libswiftCoreMedia.dylib
copying file ./Payload/HalfTunes.app/Frameworks/libswiftsimd.dylib ... 
2017-10-25 08:40:59 +0000  1361648 bytes for ./Payload/HalfTunes.app/Frameworks/libswiftsimd.dylib
2017-10-25 08:40:59 +0000  copying file ./Payload/HalfTunes.app/embedded.mobileprovision ... 
2017-10-25 08:40:59 +0000  7614 bytes for ./Payload/HalfTunes.app/embedded.mobileprovision
copying file ./Payload/HalfTunes.app/Info.plist ... 
2017-10-25 08:40:59 +0000  1265 bytes for ./Payload/HalfTunes.app/Info.plist
copying file ./Payload/HalfTunes.app/PkgInfo ... 
8 bytes for ./Payload/HalfTunes.app/PkgInfo
2017-10-25 08:40:59 +0000  2017-10-25 08:40:59 +0000  

2017-10-25 08:40:59 +0000  2017-10-25 08:40:59 +0000  

2017-10-25 08:40:59 +0000  
2017-10-25 08:40:59 +0000 [MT] /usr/bin/ditto exited with 0
2017-10-25 08:40:59 +0000  
2017-10-25 08:40:59 +0000  
2017-10-25 08:40:59 +0000 [MT] Processing step: IDEDistributionCreateManifestStep
